#
# A fatal error has been detected by the Java Runtime Environment:
#
#  EXCEPTION_ACCESS_VIOLATION (0xc0000005) at pc=0x6d144f23, pid=2032, tid=2568
#
# JRE version: 7.0-b147
# Java VM: Java HotSpot(TM) Client VM (21.0-b17 mixed mode, sharing windows-x86 )
# Problematic frame:
# C  [awt.dll+0x34f23]
#
# Failed to write core dump. Minidumps are not enabled by default on client versions of Windows
#
# If you would like to submit a bug report, please visit:
#   http://bugreport.sun.com/bugreport/crash.jsp
# The crash happened outside the Java Virtual Machine in native code.
# See problematic frame for where to report the bug.
#

---------------  T H R E A D  ---------------

Current thread (0x02ff1400):  JavaThread "AWT-Windows" daemon [_thread_in_native, id=2568, stack(0x03180000,0x031d0000)]

siginfo: ExceptionCode=0xc0000005, writing address 0xe3183d40

Registers:
EAX=0x00000000, EBX=0x00000100, ECX=0x00000000, EDX=0x00000000
ESP=0x031cf474, EBP=0x00000000, ESI=0xe3183d40, EDI=0x22a0000c
EIP=0x6d144f23, EFLAGS=0x00010246

Top of Stack: (sp=0x031cf474)
0x031cf474:   031cf738 e3183d40 00000100 00000100
0x031cf484:   6d1aeddd 000007e4 00000000 00000100
0x031cf494:   00000100 031cf738 031cf4d0 00000000
0x031cf4a4:   00000000 00000100 02fd52b0 031cf670
0x031cf4b4:   00000100 00136740 00000000 00000000
0x031cf4c4:   00000400 e3183d40 00000000 00000000
0x031cf4d4:   00000000 00000100 00000100 00000000
0x031cf4e4:   00000000 00000004 00000400 00000000 

Instructions: (pc=0x6d144f23)
0x6d144f03:   00 0f b6 94 0a 60 c0 20 6d c1 e5 08 25 ff 00 00
0x6d144f13:   00 0f b6 84 08 60 c0 20 6d 0b ea c1 e5 08 0b e8
0x6d144f23:   89 2e 83 c7 04 83 c6 04 4b 75 96 03 7c 24 14 03
0x6d144f33:   74 24 18 ff 4c 24 20 75 84 5f 5e 5d 5b c3 cc cc 


Register to memory mapping:

EAX=0x00000000 is an unknown value
EBX=0x00000100 is an unknown value
ECX=0x00000000 is an unknown value
EDX=0x00000000 is an unknown value
ESP=0x031cf474 is pointing into the stack for thread: 0x02ff1400
EBP=0x00000000 is an unknown value
ESI=0xe3183d40 is an unknown value
EDI=0x22a0000c is an oop
[I 
 - klass: {type array int}
 - length: 407896


Stack: [0x03180000,0x031d0000],  sp=0x031cf474,  free space=317k
Native frames: (J=compiled Java code, j=interpreted, Vv=VM code, C=native code)
C  [awt.dll+0x34f23]  Java_sun_java2d_loops_TransformHelper_Transform+0x25413

[error occurred during error reporting (printing native stack), id 0xc0000005]

Java frames: (J=compiled Java code, j=interpreted, Vv=VM code)
j  sun.awt.windows.WToolkit.eventLoop()V+0
j  sun.awt.windows.WToolkit.run()V+49
j  java.lang.Thread.run()V+11
v  ~StubRoutines::call_stub

---------------  P R O C E S S  ---------------

Java Threads: ( => current thread )
  0x0306f800 JavaThread "Thread-3" [_thread_blocked, id=3436, stack(0x03360000,0x033b0000)]
  0x0372e800 JavaThread "D3D Screen Updater" daemon [_thread_blocked, id=2308, stack(0x03dd0000,0x03e20000)]
  0x030bbc00 JavaThread "TimerQueue" daemon [_thread_blocked, id=960, stack(0x03310000,0x03360000)]
  0x00868c00 JavaThread "DestroyJavaVM" [_thread_blocked, id=2808, stack(0x00900000,0x00950000)]
  0x03005000 JavaThread "AWT-EventQueue-0" [_thread_in_native, id=2712, stack(0x03280000,0x032d0000)]
=>0x02ff1400 JavaThread "AWT-Windows" daemon [_thread_in_native, id=2568, stack(0x03180000,0x031d0000)]
  0x02fd5c00 JavaThread "AWT-Shutdown" [_thread_blocked, id=2564, stack(0x03130000,0x03180000)]
  0x02fd4800 JavaThread "Java2D Disposer" daemon [_thread_blocked, id=3988, stack(0x030e0000,0x03130000)]
  0x02c12000 JavaThread "Service Thread" daemon [_thread_blocked, id=2556, stack(0x02e40000,0x02e90000)]
  0x02c04000 JavaThread "C1 CompilerThread0" daemon [_thread_blocked, id=1044, stack(0x02df0000,0x02e40000)]
  0x02c02400 JavaThread "Attach Listener" daemon [_thread_blocked, id=1300, stack(0x02da0000,0x02df0000)]
  0x02c01000 JavaThread "Signal Dispatcher" daemon [_thread_blocked, id=1804, stack(0x02d50000,0x02da0000)]
  0x02bfa000 JavaThread "Finalizer" daemon [_thread_blocked, id=2532, stack(0x02d00000,0x02d50000)]
  0x02bf5400 JavaThread "Reference Handler" daemon [_thread_blocked, id=2540, stack(0x02cb0000,0x02d00000)]

Other Threads:
  0x02bf3800 VMThread [stack: 0x02c60000,0x02cb0000] [id=2544]
  0x02c2dc00 WatcherThread [stack: 0x02e90000,0x02ee0000] [id=1564]

VM state:not at safepoint (normal execution)

VM Mutex/Monitor currently owned by a thread: None

Heap
 def new generation   total 4736K, used 2002K [0x22a00000, 0x22f20000, 0x27ca0000)
  eden space 4224K,  39% used [0x22a00000, 0x22b9d910, 0x22e20000)
  from space 512K,  67% used [0x22e20000, 0x22e77050, 0x22ea0000)
  to   space 512K,   0% used [0x22ea0000, 0x22ea0000, 0x22f20000)
 tenured generation   total 10624K, used 9994K [0x27ca0000, 0x28700000, 0x32200000)
   the space 10624K,  94% used [0x27ca0000, 0x28662828, 0x28662a00, 0x28700000)
 compacting perm gen  total 12288K, used 5603K [0x32200000, 0x32e00000, 0x36200000)
   the space 12288K,  45% used [0x32200000, 0x32778e98, 0x32779000, 0x32e00000)
    ro space 10240K,  45% used [0x36200000, 0x36681888, 0x36681a00, 0x36c00000)
    rw space 12288K,  54% used [0x36c00000, 0x372804f8, 0x37280600, 0x37800000)

Code Cache  [0x00980000, 0x00b40000, 0x02980000)
 total_blobs=1145 nmethods=872 adapters=204 free_code_cache=31002Kb largest_free_block=31745536

Dynamic libraries:
0x00400000 - 0x0042e000 	E:\Archivos de programa\Java\jdk1.7.0\bin\java.exe
0x7c910000 - 0x7c9c5000 	E:\WINDOWS\system32\ntdll.dll
0x7c800000 - 0x7c903000 	E:\WINDOWS\system32\kernel32.dll
0x77da0000 - 0x77e4c000 	E:\WINDOWS\system32\ADVAPI32.dll
0x77e50000 - 0x77ee3000 	E:\WINDOWS\system32\RPCRT4.dll
0x77fc0000 - 0x77fd1000 	E:\WINDOWS\system32\Secur32.dll
0x7e390000 - 0x7e421000 	E:\WINDOWS\system32\USER32.dll
0x77ef0000 - 0x77f39000 	E:\WINDOWS\system32\GDI32.dll
0x773a0000 - 0x774a3000 	E:\WINDOWS\WinSxS\x86_Microsoft.Windows.Common-Controls_6595b64144ccf1df_6.0.2600.5512_x-ww_35d4ce83\COMCTL32.dll
0x77be0000 - 0x77c38000 	E:\WINDOWS\system32\msvcrt.dll
0x77f40000 - 0x77fb6000 	E:\WINDOWS\system32\SHLWAPI.dll
0x76340000 - 0x7635d000 	E:\WINDOWS\system32\IMM32.DLL
0x78aa0000 - 0x78b5e000 	E:\Archivos de programa\Java\jdk1.7.0\jre\bin\msvcr100.dll
0x6da80000 - 0x6dda1000 	E:\Archivos de programa\Java\jdk1.7.0\jre\bin\client\jvm.dll
0x71a50000 - 0x71a5a000 	E:\WINDOWS\system32\WSOCK32.dll
0x71a30000 - 0x71a47000 	E:\WINDOWS\system32\WS2_32.dll
0x71a20000 - 0x71a28000 	E:\WINDOWS\system32\WS2HELP.dll
0x76b00000 - 0x76b2e000 	E:\WINDOWS\system32\WINMM.dll
0x76bb0000 - 0x76bbb000 	E:\WINDOWS\system32\PSAPI.DLL
0x6da10000 - 0x6da1c000 	E:\Archivos de programa\Java\jdk1.7.0\jre\bin\verify.dll
0x6d480000 - 0x6d4a0000 	E:\Archivos de programa\Java\jdk1.7.0\jre\bin\java.dll
0x6da60000 - 0x6da73000 	E:\Archivos de programa\Java\jdk1.7.0\jre\bin\zip.dll
0x6d110000 - 0x6d252000 	E:\Archivos de programa\Java\jdk1.7.0\jre\bin\awt.dll
0x770f0000 - 0x7717b000 	E:\WINDOWS\system32\OLEAUT32.dll
0x774b0000 - 0x775ee000 	E:\WINDOWS\system32\ole32.dll
0x5b150000 - 0x5b188000 	E:\WINDOWS\system32\uxtheme.dll
0x746b0000 - 0x746fc000 	E:\WINDOWS\system32\MSCTF.dll
0x77b10000 - 0x77b32000 	E:\WINDOWS\system32\apphelp.dll
0x75160000 - 0x7518e000 	E:\WINDOWS\system32\msctfime.ime
0x7e6a0000 - 0x7eec1000 	E:\WINDOWS\system32\SHELL32.dll
0x4fd10000 - 0x4feb6000 	E:\WINDOWS\system32\d3d9.dll
0x6dea0000 - 0x6dea6000 	E:\WINDOWS\system32\d3d8thk.dll
0x77bd0000 - 0x77bd8000 	E:\WINDOWS\system32\VERSION.dll
0x6d3d0000 - 0x6d3fa000 	E:\Archivos de programa\Java\jdk1.7.0\jre\bin\fontmanager.dll
0x6d770000 - 0x6d784000 	E:\Archivos de programa\Java\jdk1.7.0\jre\bin\net.dll
0x6d790000 - 0x6d79f000 	E:\Archivos de programa\Java\jdk1.7.0\jre\bin\nio.dll
0x68000000 - 0x68036000 	E:\WINDOWS\system32\rsaenh.dll
0x76630000 - 0x766e5000 	E:\WINDOWS\system32\USERENV.dll
0x597f0000 - 0x59845000 	E:\WINDOWS\system32\netapi32.dll
0x719d0000 - 0x71a10000 	E:\WINDOWS\System32\mswsock.dll
0x76ee0000 - 0x76f07000 	E:\WINDOWS\system32\DNSAPI.dll
0x76d20000 - 0x76d39000 	E:\WINDOWS\system32\iphlpapi.dll
0x76f70000 - 0x76f78000 	E:\WINDOWS\System32\winrnr.dll
0x76f20000 - 0x76f4d000 	E:\WINDOWS\system32\WLDAP32.dll
0x76f80000 - 0x76f86000 	E:\WINDOWS\system32\rasadhlp.dll
0x6d9b0000 - 0x6d9e1000 	E:\Archivos de programa\Java\jdk1.7.0\jre\bin\t2k.dll
0x76f90000 - 0x7700f000 	E:\WINDOWS\system32\CLBCATQ.DLL
0x77010000 - 0x770e0000 	E:\WINDOWS\system32\COMRes.dll
0x66740000 - 0x66799000 	E:\WINDOWS\system32\hnetcfg.dll
0x71a10000 - 0x71a18000 	E:\WINDOWS\System32\wshtcpip.dll
0x5d4b0000 - 0x5d551000 	E:\WINDOWS\system32\dbghelp.dll

VM Arguments:
jvm_args: -Dfile.encoding=UTF-8 
java_command: clases.principal.Aplicacion
Launcher Type: SUN_STANDARD

Environment Variables:
PATH=E:\WINDOWS\system32;E:\WINDOWS;E:\WINDOWS\System32\Wbem;E:\Archivos de programa\Microsoft SQL Server\100\Tools\Binn\;E:\Archivos de programa\Microsoft SQL Server\100\DTS\Binn\;E:\Archivos de programa\Microsoft SQL Server\100\Tools\Binn\VSShell\Common7\IDE\;E:\WINDOWS\system32\WindowsPowerShell\v1.0;E:\Archivos de programa\TortoiseSVN\bin;C:\wamp\bin\mysql\mysql5.5.16\bin;E:\Archivos de programa\SlikSvn\bin;E:\Archivos de programa\proXPN\bin
USERNAME=Administrador
OS=Windows_NT
PROCESSOR_IDENTIFIER=x86 Family 15 Model 76 Stepping 2, AuthenticAMD



---------------  S Y S T E M  ---------------

OS: Windows XP Build 2600 Service Pack 3

CPU:total 1 (1 cores per cpu, 1 threads per core) family 15 model 76 stepping 2, cmov, cx8, fxsr, mmx, sse, sse2, sse3, mmxext, 3dnowpref

Memory: 4k page, physical 1014376k(137832k free), swap 2445132k(1521624k free)

vm_info: Java HotSpot(TM) Client VM (21.0-b17) for windows-x86 JRE (1.7.0-b147), built on Jun 27 2011 02:25:52 by "java_re" with unknown MS VC++:1600

time: Mon Apr 23 15:44:44 2012
elapsed time: 46 seconds

